
ROM used:   1315/8192 (16%)
            1315/8192 (16%) including unused fragments

            1.0 Average locations per line
            11.7 Average locations per statement

RAM used:   21/368 (6%) at main() level
            43/368 (12%) worst case

Stack used: 5 worst case (5 in main + 0 for interrupts)
Stack size: 8

Lines Stmts  %   Files
----- ----- ---  -----
   86    28  25  contro_onoff.c
  768     0   0  ..\..\..\..\..\Program Files (x86)\PICC\Devices\16F887.H
  456    84  75  ..\..\..\..\..\Program Files (x86)\PICC\Drivers\lcd.c
----- -----
 1310   112 Total

Page ROM  %  RAM   Vol Diff  Functions:
---- --- --- ---   --- ----  ----------
0     20   2    1             @delay_ms1
 Inline         3   596  5.9  lcd_read_byte
0      6   0    0    59  4.2  lcd_read_nibble
0     13   1    1   179  3.3  lcd_send_nibble
0     64   5    3   460  4.7  lcd_send_byte
0     62   5    6   814  7.2  lcd_init
0     18   1    4   208  6.3  lcd_gotoxy
0     44   3    1   354  4.7  lcd_putc
0    276  21   16   933  5.7  MAIN
0     29   2    2             @ITOF
0    117   9   13             @MULFF
0    204  16   14             @DIVFF
0      2   0    0             @const676
0     86   7    4             @PSTRINGC7_649
 Inline         5             @FTOSD
0     79   6   13             @DIV3232
0    224  17   13             @PRINTF_L32D_649FPFPF
0      2   0    0             @const687
0     65   5   10             @FLT
 Inline         0             @cinit1

Program metrics:
    Functions               8
    Statements              112
    Comments                243
    Volume (V)              5386
    Difficulty (D)          39.0
    Effort to implement (E) 210209
    Time to implement (T)   3 hours, 15 minutes
    Est Delivered Bugs (B)  1
    Cyclomatic Complexity   9
    Maintainability (MI)    133

 Segment     Used  Free
-----------  ----  ----
00000-00003     4  0  
00004-007FF  1311  733  
00800-00FFF     0  2048  
01000-017FF     0  2048  
01800-01FFF     0  2048  



